<?xml version="1.0" encoding="UTF-8"?>
<testng-results skipped="0" failed="0" total="1" passed="1">
  <reporter-output>
  </reporter-output>
  <suite name="Default suite" duration-ms="37" started-at="2019-02-26T07:47:01Z" finished-at="2019-02-26T07:47:01Z">
    <groups>
    </groups>
    <test name="Default test" duration-ms="37" started-at="2019-02-26T07:47:01Z" finished-at="2019-02-26T07:47:01Z">
      <class name="selenium.LaunchBrowser">
        <test-method status="PASS" signature="openChrome()[pri:0, instance:selenium.LaunchBrowser@31b7dea0]" name="openChrome" duration-ms="15" started-at="2019-02-26T13:17:01Z" finished-at="2019-02-26T13:17:01Z">
          <reporter-output>
          </reporter-output>
        </test-method> <!-- openChrome -->
      </class> <!-- selenium.LaunchBrowser -->
    </test> <!-- Default test -->
  </suite> <!-- Default suite -->
</testng-results>
